2018-ноя-15 01:46:53 AM [main] ERROR ru.otus.services.RBCNewsService - e1: {}
java.net.SocketTimeoutException: Read timeout
	at org.jsoup.internal.ConstrainableInputStream.read(ConstrainableInputStream.java:58) ~[jsoup-1.11.3.jar:?]
	at sun.nio.cs.StreamDecoder.readBytes(StreamDecoder.java:284) ~[?:1.8.0_181]
	at sun.nio.cs.StreamDecoder.implRead(StreamDecoder.java:326) ~[?:1.8.0_181]
	at sun.nio.cs.StreamDecoder.read(StreamDecoder.java:178) ~[?:1.8.0_181]
	at java.io.InputStreamReader.read(InputStreamReader.java:184) ~[?:1.8.0_181]
	at java.io.BufferedReader.fill(BufferedReader.java:161) ~[?:1.8.0_181]
	at java.io.BufferedReader.read1(BufferedReader.java:212) ~[?:1.8.0_181]
	at java.io.BufferedReader.read(BufferedReader.java:289) ~[?:1.8.0_181]
	at java.io.Reader.read(Reader.java:140) ~[?:1.8.0_181]
	at org.jsoup.parser.CharacterReader.bufferUp(CharacterReader.java:53) ~[jsoup-1.11.3.jar:?]
	at org.jsoup.parser.CharacterReader.consume(CharacterReader.java:98) ~[jsoup-1.11.3.jar:?]
	at org.jsoup.parser.TokeniserState$35.read(TokeniserState.java:599) ~[jsoup-1.11.3.jar:?]
	at org.jsoup.parser.Tokeniser.read(Tokeniser.java:57) ~[jsoup-1.11.3.jar:?]
	at org.jsoup.parser.TreeBuilder.runParser(TreeBuilder.java:51) ~[jsoup-1.11.3.jar:?]
	at org.jsoup.parser.TreeBuilder.parse(TreeBuilder.java:45) ~[jsoup-1.11.3.jar:?]
	at org.jsoup.parser.Parser.parseInput(Parser.java:39) ~[jsoup-1.11.3.jar:?]
	at org.jsoup.helper.DataUtil.parseInputStream(DataUtil.java:153) ~[jsoup-1.11.3.jar:?]
	at org.jsoup.helper.HttpConnection$Response.parse(HttpConnection.java:851) ~[jsoup-1.11.3.jar:?]
	at org.jsoup.helper.HttpConnection.get(HttpConnection.java:296) ~[jsoup-1.11.3.jar:?]
	at org.jsoup.Jsoup.parse(Jsoup.java:183) ~[jsoup-1.11.3.jar:?]
	at ru.otus.services.RBCNewsService.getNewsJSON(RBCNewsService.java:42) [classes/:?]
	at ru.otus.services.RBCNewsServiceTest.testGetNewsJSON(RBCNewsServiceTest.java:50) [test-classes/:?]
	at sun.reflect.NativeMethodAccessorImpl.invoke0(Native Method) ~[?:1.8.0_181]
	at sun.reflect.NativeMethodAccessorImpl.invoke(NativeMethodAccessorImpl.java:62) ~[?:1.8.0_181]
	at sun.reflect.DelegatingMethodAccessorImpl.invoke(DelegatingMethodAccessorImpl.java:43) ~[?:1.8.0_181]
	at java.lang.reflect.Method.invoke(Method.java:498) ~[?:1.8.0_181]
	at org.junit.runners.model.FrameworkMethod$1.runReflectiveCall(FrameworkMethod.java:47) [junit-4.11.jar:?]
	at org.junit.internal.runners.model.ReflectiveCallable.run(ReflectiveCallable.java:12) [junit-4.11.jar:?]
	at org.junit.runners.model.FrameworkMethod.invokeExplosively(FrameworkMethod.java:44) [junit-4.11.jar:?]
	at org.junit.internal.runners.statements.InvokeMethod.evaluate(InvokeMethod.java:17) [junit-4.11.jar:?]
	at org.junit.internal.runners.statements.RunBefores.evaluate(RunBefores.java:26) [junit-4.11.jar:?]
	at org.junit.internal.runners.statements.RunAfters.evaluate(RunAfters.java:27) [junit-4.11.jar:?]
	at org.junit.runners.ParentRunner.runLeaf(ParentRunner.java:271) [junit-4.11.jar:?]
	at org.junit.runners.BlockJUnit4ClassRunner.runChild(BlockJUnit4ClassRunner.java:70) [junit-4.11.jar:?]
	at org.junit.runners.BlockJUnit4ClassRunner.runChild(BlockJUnit4ClassRunner.java:50) [junit-4.11.jar:?]
	at org.junit.runners.ParentRunner$3.run(ParentRunner.java:238) [junit-4.11.jar:?]
	at org.junit.runners.ParentRunner$1.schedule(ParentRunner.java:63) [junit-4.11.jar:?]
	at org.junit.runners.ParentRunner.runChildren(ParentRunner.java:236) [junit-4.11.jar:?]
	at org.junit.runners.ParentRunner.access$000(ParentRunner.java:53) [junit-4.11.jar:?]
	at org.junit.runners.ParentRunner$2.evaluate(ParentRunner.java:229) [junit-4.11.jar:?]
	at org.junit.internal.runners.statements.RunBefores.evaluate(RunBefores.java:26) [junit-4.11.jar:?]
	at org.junit.runners.ParentRunner.run(ParentRunner.java:309) [junit-4.11.jar:?]
	at org.apache.maven.surefire.junit4.JUnit4Provider.execute(JUnit4Provider.java:365) [surefire-junit4-2.22.0.jar:2.22.0]
	at org.apache.maven.surefire.junit4.JUnit4Provider.executeWithRerun(JUnit4Provider.java:273) [surefire-junit4-2.22.0.jar:2.22.0]
	at org.apache.maven.surefire.junit4.JUnit4Provider.executeTestSet(JUnit4Provider.java:238) [surefire-junit4-2.22.0.jar:2.22.0]
	at org.apache.maven.surefire.junit4.JUnit4Provider.invoke(JUnit4Provider.java:159) [surefire-junit4-2.22.0.jar:2.22.0]
	at org.apache.maven.surefire.booter.ForkedBooter.invokeProviderInSameClassLoader(ForkedBooter.java:383) [surefire-booter-2.22.0.jar:2.22.0]
	at org.apache.maven.surefire.booter.ForkedBooter.runSuitesInProcess(ForkedBooter.java:344) [surefire-booter-2.22.0.jar:2.22.0]
	at org.apache.maven.surefire.booter.ForkedBooter.execute(ForkedBooter.java:125) [surefire-booter-2.22.0.jar:2.22.0]
	at org.apache.maven.surefire.booter.ForkedBooter.main(ForkedBooter.java:417) [surefire-booter-2.22.0.jar:2.22.0]
2018-ноя-15 01:46:53 AM [main] ERROR ru.otus.services.RBCNewsService - e2: {}
java.io.FileNotFoundException: file:/home/vnsk/src/MyProjects/github.com/vskurikhin/otus-java-2018-09-VSkurikhin/JavaEE-2018-09-HomeWork-7/target/ru.otus.services.RBCNewsService.json (Нет такого файла или каталога)
	at java.io.FileInputStream.open0(Native Method) ~[?:1.8.0_181]
	at java.io.FileInputStream.open(FileInputStream.java:195) ~[?:1.8.0_181]
	at java.io.FileInputStream.<init>(FileInputStream.java:138) ~[?:1.8.0_181]
	at java.io.FileInputStream.<init>(FileInputStream.java:93) ~[?:1.8.0_181]
	at java.io.FileReader.<init>(FileReader.java:58) ~[?:1.8.0_181]
	at ru.otus.services.RBCNewsService.getNewsJSON(RBCNewsService.java:53) [classes/:?]
	at ru.otus.services.RBCNewsServiceTest.testGetNewsJSON(RBCNewsServiceTest.java:50) [test-classes/:?]
	at sun.reflect.NativeMethodAccessorImpl.invoke0(Native Method) ~[?:1.8.0_181]
	at sun.reflect.NativeMethodAccessorImpl.invoke(NativeMethodAccessorImpl.java:62) ~[?:1.8.0_181]
	at sun.reflect.DelegatingMethodAccessorImpl.invoke(DelegatingMethodAccessorImpl.java:43) ~[?:1.8.0_181]
	at java.lang.reflect.Method.invoke(Method.java:498) ~[?:1.8.0_181]
	at org.junit.runners.model.FrameworkMethod$1.runReflectiveCall(FrameworkMethod.java:47) [junit-4.11.jar:?]
	at org.junit.internal.runners.model.ReflectiveCallable.run(ReflectiveCallable.java:12) [junit-4.11.jar:?]
	at org.junit.runners.model.FrameworkMethod.invokeExplosively(FrameworkMethod.java:44) [junit-4.11.jar:?]
	at org.junit.internal.runners.statements.InvokeMethod.evaluate(InvokeMethod.java:17) [junit-4.11.jar:?]
	at org.junit.internal.runners.statements.RunBefores.evaluate(RunBefores.java:26) [junit-4.11.jar:?]
	at org.junit.internal.runners.statements.RunAfters.evaluate(RunAfters.java:27) [junit-4.11.jar:?]
	at org.junit.runners.ParentRunner.runLeaf(ParentRunner.java:271) [junit-4.11.jar:?]
	at org.junit.runners.BlockJUnit4ClassRunner.runChild(BlockJUnit4ClassRunner.java:70) [junit-4.11.jar:?]
	at org.junit.runners.BlockJUnit4ClassRunner.runChild(BlockJUnit4ClassRunner.java:50) [junit-4.11.jar:?]
	at org.junit.runners.ParentRunner$3.run(ParentRunner.java:238) [junit-4.11.jar:?]
	at org.junit.runners.ParentRunner$1.schedule(ParentRunner.java:63) [junit-4.11.jar:?]
	at org.junit.runners.ParentRunner.runChildren(ParentRunner.java:236) [junit-4.11.jar:?]
	at org.junit.runners.ParentRunner.access$000(ParentRunner.java:53) [junit-4.11.jar:?]
	at org.junit.runners.ParentRunner$2.evaluate(ParentRunner.java:229) [junit-4.11.jar:?]
	at org.junit.internal.runners.statements.RunBefores.evaluate(RunBefores.java:26) [junit-4.11.jar:?]
	at org.junit.runners.ParentRunner.run(ParentRunner.java:309) [junit-4.11.jar:?]
	at org.apache.maven.surefire.junit4.JUnit4Provider.execute(JUnit4Provider.java:365) [surefire-junit4-2.22.0.jar:2.22.0]
	at org.apache.maven.surefire.junit4.JUnit4Provider.executeWithRerun(JUnit4Provider.java:273) [surefire-junit4-2.22.0.jar:2.22.0]
	at org.apache.maven.surefire.junit4.JUnit4Provider.executeTestSet(JUnit4Provider.java:238) [surefire-junit4-2.22.0.jar:2.22.0]
	at org.apache.maven.surefire.junit4.JUnit4Provider.invoke(JUnit4Provider.java:159) [surefire-junit4-2.22.0.jar:2.22.0]
	at org.apache.maven.surefire.booter.ForkedBooter.invokeProviderInSameClassLoader(ForkedBooter.java:383) [surefire-booter-2.22.0.jar:2.22.0]
	at org.apache.maven.surefire.booter.ForkedBooter.runSuitesInProcess(ForkedBooter.java:344) [surefire-booter-2.22.0.jar:2.22.0]
	at org.apache.maven.surefire.booter.ForkedBooter.execute(ForkedBooter.java:125) [surefire-booter-2.22.0.jar:2.22.0]
	at org.apache.maven.surefire.booter.ForkedBooter.main(ForkedBooter.java:417) [surefire-booter-2.22.0.jar:2.22.0]
